2340,pgmwighous,ENTER,19,1,inside
2340,vuirnofess,ENTER,5,1,inside
2342,mvpmqxyzyi,ENTER,9,1,inside
2342,ekujwlxgus,ENTER,8,1,inside
2342,oxbwuoyadb,ENTER,13,1,inside
2344,okzqolokyz,ENTER,18,1,inside
2344,rmcalmdkts,ENTER,15,1,inside
2346,yffwesshnb,ENTER,10,1,inside
2346,kzlimnmxim,ENTER,5,1,inside
2346,ytllppiihb,ENTER,16,1,inside
2347,qidspbxcty,ENTER,15,1,inside
2348,wzcbankjph,ENTER,8,1,inside
2349,nueieqnnwb,ENTER,19,1,inside
2350,pggffevzcb,ENTER,1,1,inside
2350,gxzdpiqbje,ENTER,2,1,inside
2351,fwlzzuupyr,ENTER,11,1,inside
2352,ldolldmctq,ENTER,18,1,inside
2353,noihbbopho,ENTER,1,1,inside
2356,nyhpelqhsz,ENTER,2,1,inside
2357,vgiejhikoz,ENTER,9,1,inside
2358,dhebftebnp,ENTER,18,1,inside
2358,jzfacdiabk,ENTER,19,1,inside
2359,dlypygokkg,ENTER,8,1,inside
2359,iqbkevjigz,ENTER,16,1,inside
2361,kzieeiquqv,ENTER,9,1,inside
2364,oxmsleuqak,ENTER,5,1,inside
2366,kirgchstnw,ENTER,13,1,inside
2368,agowsaivpx,ENTER,8,1,inside
2373,lybedcdwmf,ENTER,5,1,inside
2373,ivbxrqywtk,ENTER,13,1,inside
2374,bmtauqzwfi,ENTER,16,1,inside
2374,gwcvjwvoge,ENTER,20,1,inside
2377,wkgwspjcuj,ENTER,20,1,inside
2377,vdshorhwuv,ENTER,8,1,inside
2377,luxuilefvv,ENTER,17,1,inside
2384,pdnxvyuedd,ENTER,2,1,inside
2385,lambtggfvk,ENTER,13,1,inside
2385,uiervletvl,ENTER,16,1,inside
2386,brmrnxrdlf,ENTER,5,1,inside
2387,ixesuuketu,ENTER,9,1,inside
2388,jnihrhmdel,ENTER,15,1,inside
2389,rwttpqbxci,ENTER,11,1,inside
2390,dzfoxxgtsg,ENTER,15,1,inside
2390,ssijlzkvad,ENTER,3,1,inside
2392,edhemzezre,ENTER,4,1,inside
2392,txbkzlqbsi,ENTER,8,1,inside
2394,cqsbsfxtsq,ENTER,13,1,inside
2395,fudcktltwu,ENTER,9,1,inside
2396,sfdzycrgqz,ENTER,4,1,inside
2396,ruzxtxamrr,ENTER,10,1,inside
2398,bpxdgcabrl,ENTER,4,1,inside
2399,qeckoytvlt,ENTER,14,1,inside
2400,wigvowryzn,ENTER,8,1,inside
2403,zdzsbukxdh,ENTER,15,1,inside
2405,fnpeqzzynt,ENTER,6,1,inside
2407,jwgzdwhqas,ENTER,9,1,inside
2408,cqgppzatjx,ENTER,10,1,inside
2409,lefllgtjun,ENTER,2,1,inside
2409,aggndpawhl,ENTER,13,1,inside
2412,bbsiuoxvhi,ENTER,15,1,inside
2414,saecysryrz,ENTER,19,1,inside
2415,twhhhncebm,ENTER,10,1,inside
2416,xbgidbvnqk,ENTER,15,1,inside
2418,rqkrirgzqn,ENTER,8,1,inside
2420,jjvrmsepng,ENTER,4,1,inside
2420,evxgyjqetj,ENTER,7,1,inside
2420,sjcyvwmlns,ENTER,13,1,inside
2420,fijkyrknln,ENTER,3,1,inside
2422,qwvmleatod,ENTER,10,1,inside
2426,qtvvdqzxsy,ENTER,8,1,inside
2428,akhxgzoorc,ENTER,17,1,inside
2428,cxaobgahdf,ENTER,5,1,inside
2431,fgfdnsqitp,ENTER,17,1,inside
2434,ungjpbbqzp,ENTER,10,1,inside
2435,plcjqszdaa,ENTER,16,1,inside
2436,evvgkxdxwi,ENTER,19,1,inside
2436,fqucuampby,ENTER,12,1,inside
2442,bpyofkhsep,ENTER,4,1,inside
2447,vacvuzpmht,ENTER,20,1,inside
2450,kerfawqumo,ENTER,15,1,inside
2450,qrlubpelze,ENTER,7,1,inside
2452,ygfrjfcguq,ENTER,8,1,inside
2454,ptfvjjypey,ENTER,3,1,inside
2456,euacargyfx,ENTER,20,1,inside
2462,ohizunmrtz,ENTER,9,1,inside
2469,tifqvdztdo,ENTER,18,1,inside
2471,szbhbkkklq,ENTER,9,1,inside
2474,vsuarknsik,ENTER,20,1,inside
2475,mekosyaamn,ENTER,10,1,inside
2476,ymxbsvybll,ENTER,1,1,inside
2482,pwoeexwlqb,ENTER,8,1,inside
2482,vcrhsgsret,ENTER,4,1,inside
2484,ykcpznanjx,ENTER,9,1,inside
2486,dvlflxibks,ENTER,14,1,inside
2487,ywetyieufa,ENTER,15,1,inside
2492,vvwdwsbhea,ENTER,19,1,inside
2492,sxbfjkxwxp,ENTER,20,1,inside
2493,joqqobqets,ENTER,17,1,inside
2494,pkkjftvhoh,ENTER,4,1,inside
2494,vlajuoiwxe,ENTER,7,1,inside
2502,tiepjxxvrm,ENTER,9,1,inside
2507,oanzpqtvub,ENTER,12,1,inside
2508,xligjayafe,ENTER,11,1,inside
2514,pijcicswcl,ENTER,16,1,inside
2517,ekgectjeey,ENTER,11,1,inside
2519,zklziollei,ENTER,3,1,inside
2520,noihbbopho,MEETING,22,697,upc/campusnord/d69
2520,agowsaivpx,MOVE,23,256,upc/campusnord/d63
2521,dzfoxxgtsg,MEETING,15,512,upc/campusnord/d69
2521,tkricoxsji,ENTER,20,1,inside
2521,qyhngexpze,ENTER,8,1,inside
2521,oxmsleuqak,MEETING,24,607,upc/campusnord/d61
2521,rwttpqbxci,MOVE,6,378,upc/campusnord/d60
2522,okzqolokyz,MEETING,12,489,upc/campusnord/d61
2522,lqdcxkhzsq,ENTER,7,1,inside
2522,dghyenaetf,ENTER,15,1,inside
2523,jwgzdwhqas,MEETING,11,74,upc/campusnord/d68
2523,kzieeiquqv,MOVE,8,261,upc/campusnord/d60
2523,zdzsbukxdh,MOVE,22,489,upc/campusnord/d60
2524,vdshorhwuv,MOVE,2,610,upc/campusnord/d63
2524,pdnxvyuedd,MEETING,11,679,upc/campusnord/d68
2525,sxbfjkxwxp,MOVE,2,360,upc/campusnord/d60
2526,jguehdhael,ENTER,11,1,inside
2526,ptfvjjypey,MEETING,25,553,upc/campusnord/d64
2527,ivbxrqywtk,MEETING,16,339,upc/campusnord/d68
2527,fijkyrknln,MOVE,23,269,upc/campusnord/d62
2527,drjrnxuuvb,ENTER,4,1,inside
2527,aggndpawhl,MEETING,11,230,upc/campusnord/d64
2528,fudcktltwu,MEETING,18,598,upc/campusnord/d69
2528,ptkvlagvmv,ENTER,5,1,inside
2528,fqucuampby,MOVE,7,248,upc/campusnord/d66
2528,gawesymtts,ENTER,8,1,inside
2530,kapauhbvkj,ENTER,2,1,inside
2530,bbsiuoxvhi,MOVE,29,348,upc/campusnord/d67
2531,saecysryrz,MOVE,6,191,upc/campusnord/d63
2531,ekgectjeey,MOVE,20,284,upc/campusnord/d67
2532,cqsbsfxtsq,MEETING,17,337,upc/campusnord/d61
2532,edhemzezre,MEETING,15,315,upc/campusnord/d69
2532,cxaobgahdf,MEETING,1,684,upc/campusnord/d64
2533,mvpmqxyzyi,MOVE,29,244,upc/campusnord/d63
2533,azlxsfqmlv,ENTER,1,1,inside
2533,jnihrhmdel,MEETING,25,502,upc/campusnord/d68
2533,gwcvjwvoge,MOVE,27,172,upc/campusnord/d67
2534,fgfdnsqitp,MOVE,25,421,upc/campusnord/d60
2534,izgnaaayww,ENTER,11,1,inside
2535,lambtggfvk,MOVE,16,608,upc/campusnord/d60
2535,ykcpznanjx,MOVE,26,664,upc/campusnord/d63
2536,sfdzycrgqz,MEETING,16,98,upc/campusnord/d64
2536,evvgkxdxwi,MOVE,15,131,upc/campusnord/d60
2537,ssijlzkvad,MEETING,24,95,upc/campusnord/d69
2538,fwlzzuupyr,MEETING,5,469,upc/campusnord/d69
2538,drjrnxuuvb,MEETING,10,217,upc/campusnord/d61
2539,vgrarzrueu,ENTER,5,1,inside
2539,oanzpqtvub,MOVE,2,149,upc/campusnord/d60
2539,owzitgvmso,ENTER,3,1,inside
2539,nyhpelqhsz,MOVE,18,478,upc/campusnord/d60
2540,uqqlaqlqwe,ENTER,14,1,inside
2540,pgmwighous,MOVE,16,689,upc/campusnord/d60
2540,wzcbankjph,MEETING,30,170,upc/campusnord/d61
2540,ygfrjfcguq,MOVE,23,461,upc/campusnord/d67
2541,qrlubpelze,MEETING,4,348,upc/campusnord/d68
2542,xligjayafe,MEETING,29,401,upc/campusnord/d61
2543,zklziollei,MEETING,25,600,upc/campusnord/d69
2543,ungjpbbqzp,MEETING,14,579,upc/campusnord/d69
2543,wigvowryzn,MOVE,29,84,upc/campusnord/d66
2544,dhebftebnp,MEETING,8,291,upc/campusnord/d61
2545,djohbywctl,ENTER,8,1,inside
2545,wdbryugevs,ENTER,8,1,inside
2546,bmtauqzwfi,MOVE,10,84,upc/campusnord/d66
2546,dghyenaetf,MEETING,23,278,upc/campusnord/d64
2547,kerfawqumo,MEETING,17,185,upc/campusnord/d68
2547,ywetyieufa,MOVE,25,558,upc/campusnord/d67
2549,rnbpsmmxji,ENTER,19,1,inside
2549,yffwesshnb,MOVE,6,172,upc/campusnord/d63
2549,rmcalmdkts,MOVE,27,557,upc/campusnord/d63
2550,cqgppzatjx,MEETING,8,149,upc/campusnord/d69
2550,ekujwlxgus,MOVE,21,378,upc/campusnord/d63
2550,jtkxuqxglb,ENTER,13,1,inside
2551,vcrhsgsret,MOVE,21,176,upc/campusnord/d60
2551,arvfcqkoik,ENTER,10,1,inside
2554,vgrarzrueu,MOVE,28,631,upc/campusnord/d60
2554,fnpeqzzynt,MEETING,21,679,upc/campusnord/d68
2555,vvwdwsbhea,MOVE,24,497,upc/campusnord/d60
2555,brmrnxrdlf,MOVE,27,62,upc/campusnord/d60
2556,fujjryxodl,ENTER,18,1,inside
2557,qvczzmpoea,ENTER,3,1,inside
2559,vsuarknsik,MEETING,16,407,upc/campusnord/d61
2560,joqqobqets,MEETING,14,62,upc/campusnord/d64
2560,kvwjvgthqk,ENTER,4,1,inside
2562,uiervletvl,MOVE,24,494,upc/campusnord/d60
2562,ruzxtxamrr,MOVE,25,604,upc/campusnord/d63
2562,oxbwuoyadb,MOVE,16,569,upc/campusnord/d62
2563,kapauhbvkj,MOVE,10,704,upc/campusnord/d67
2563,facfksvgbf,ENTER,3,1,inside
2564,ohizunmrtz,MOVE,13,218,upc/campusnord/d60
2565,ffnfcxktjr,ENTER,11,1,inside
2565,krdoxfefqk,ENTER,18,1,inside
2567,kirgchstnw,MEETING,6,362,upc/campusnord/d61
2568,qwvmleatod,MEETING,21,475,upc/campusnord/d61
2568,lqdcxkhzsq,MOVE,11,703,upc/campusnord/d66
2569,qdoxhxqrca,ENTER,4,1,inside
2569,ptkvlagvmv,MOVE,21,434,upc/campusnord/d63
2569,dvlflxibks,MEETING,22,261,upc/campusnord/d69
2570,qyhngexpze,MEETING,30,291,upc/campusnord/d68
2570,ymxbsvybll,MEETING,28,273,upc/campusnord/d61
2571,txbkzlqbsi,MEETING,15,610,upc/campusnord/d61
2572,bpxdgcabrl,MOVE,9,428,upc/campusnord/d67
2573,xfrvkkugds,ENTER,5,1,inside
2576,aqmryidxfw,ENTER,6,1,inside
2577,vuirnofess,MOVE,12,318,upc/campusnord/d63
2578,rqkrirgzqn,MEETING,7,579,upc/campusnord/d64
2578,fdttxuqcux,ENTER,5,1,inside
2585,hmgzrouass,ENTER,3,1,inside
2586,rnbpsmmxji,MEETING,24,548,upc/campusnord/d64
2586,owzitgvmso,MOVE,2,340,upc/campusnord/d60
2586,facfksvgbf,MEETING,5,251,upc/campusnord/d68
2587,aqribdhlzm,ENTER,3,1,inside
2588,gjelyeuiak,ENTER,3,1,inside
2589,qtvvdqzxsy,MEETING,3,483,upc/campusnord/d68
2590,cbuasjxyao,ENTER,8,1,inside
2591,akhxgzoorc,MOVE,3,607,upc/campusnord/d60
2592,wkgwspjcuj,MOVE,10,678,upc/campusnord/d63
2592,hmgzrouass,MOVE,23,128,upc/campusnord/d60
2592,gawesymtts,MOVE,28,182,upc/campusnord/d66
2592,gxzdpiqbje,MEETING,26,369,upc/campusnord/d69
2594,jzfacdiabk,MEETING,17,581,upc/campusnord/d68
2595,euacargyfx,MOVE,11,347,upc/campusnord/d60
2598,lybedcdwmf,MEETING,13,211,upc/campusnord/d64
2598,jjvrmsepng,MEETING,12,466,upc/campusnord/d68
2598,lefllgtjun,MEETING,20,68,upc/campusnord/d68
2601,hegvgkugyt,ENTER,14,1,inside
2602,fdttxuqcux,MEETING,15,707,upc/campusnord/d64
2608,xbgidbvnqk,MEETING,3,261,upc/campusnord/d69
2608,jguehdhael,MOVE,14,274,upc/campusnord/d60
2608,iqbkevjigz,MOVE,8,370,upc/campusnord/d60
2612,cbuasjxyao,MOVE,21,664,upc/campusnord/d66
2612,arvfcqkoik,MEETING,3,301,upc/campusnord/d64
2615,pggffevzcb,MOVE,8,105,upc/campusnord/d60
2617,krdoxfefqk,MOVE,29,95,upc/campusnord/d66
2618,szbhbkkklq,MOVE,26,333,upc/campusnord/d60
2620,nueieqnnwb,MOVE,12,517,upc/campusnord/d60
2620,topbzdimzz,ENTER,14,1,inside
2627,komzujqxzj,ENTER,17,1,inside
2628,ykydwcoysb,ENTER,12,1,inside
2630,xfrvkkugds,MEETING,10,121,upc/campusnord/d61
2632,azlxsfqmlv,MOVE,21,415,upc/campusnord/d60
2633,tiepjxxvrm,MOVE,17,695,upc/campusnord/d63
2633,ixesuuketu,MOVE,21,141,upc/campusnord/d60
2634,qvczzmpoea,MEETING,14,136,upc/campusnord/d68
2635,qdoxhxqrca,MEETING,2,403,upc/campusnord/d69
2636,qidspbxcty,MEETING,28,283,upc/campusnord/d64
2636,vacvuzpmht,MOVE,4,525,upc/campusnord/d60
2641,vlajuoiwxe,MOVE,13,708,upc/campusnord/d62
2642,rpmdkuihjb,ENTER,19,1,inside
2643,fujjryxodl,MEETING,1,549,upc/campusnord/d68
2647,pkubmwvpzw,ENTER,11,1,inside
2647,jtkxuqxglb,MOVE,18,699,upc/campusnord/d67
2648,aqribdhlzm,MOVE,7,143,upc/campusnord/d60
2650,jwgzdwhqas,MOVE,25,204,upc/campusnord/d60
2651,plcjqszdaa,MEETING,4,701,upc/campusnord/d64
2652,mekosyaamn,MOVE,7,574,upc/campusnord/d66
2653,tifqvdztdo,MOVE,4,712,upc/campusnord/d67
2655,hegvgkugyt,MEETING,5,139,upc/campusnord/d68
2655,bmtauqzwfi,MOVE,3,378,upc/campusnord/d62
2655,qeckoytvlt,MOVE,16,550,upc/campusnord/d67
2656,aqmryidxfw,MEETING,6,528,upc/campusnord/d68
2656,kvwjvgthqk,MEETING,20,468,upc/campusnord/d68
2658,arvogreckm,ENTER,18,1,inside
2658,twhhhncebm,MEETING,21,609,upc/campusnord/d68
2661,sjcyvwmlns,MOVE,9,413,upc/campusnord/d67
2662,gjelyeuiak,MOVE,21,668,upc/campusnord/d60
2663,bpyofkhsep,MEETING,30,323,upc/campusnord/d64
2664,pkkjftvhoh,MOVE,20,660,upc/campusnord/d63
2665,rpmdkuihjb,MOVE,12,356,upc/campusnord/d66
2667,dlypygokkg,MEETING,4,690,upc/campusnord/d64
2672,komzujqxzj,MOVE,30,588,upc/campusnord/d63
2678,brmrnxrdlf,MOVE,10,532,upc/campusnord/d63
2681,drhkemknsx,ENTER,4,1,inside
2682,wucjcvlzhf,ENTER,18,1,inside
2685,wdbryugevs,MOVE,6,243,upc/campusnord/d66
2692,oanzpqtvub,MOVE,19,523,upc/campusnord/d63
2695,hmxqehnvso,ENTER,11,1,inside
2697,nptkflsqut,ENTER,11,1,inside
2698,evvgkxdxwi,MEETING,17,450,upc/campusnord/d64
2699,joqqobqets,MOVE,20,275,upc/campusnord/d63
2700,topbzdimzz,MEETING,29,432,upc/campusnord/d69
2700,pkubmwvpzw,MEETING,5,375,upc/campusnord/d68
2701,wigvowryzn,MOVE,23,485,upc/campusnord/d62
2702,ldolldmctq,MOVE,4,719,upc/campusnord/d60
2703,izgnaaayww,MOVE,27,472,upc/campusnord/d67
2703,ytllppiihb,MEETING,5,604,upc/campusnord/d64
2707,tkricoxsji,MEETING,11,470,upc/campusnord/d68
2709,cqgppzatjx,MOVE,16,126,upc/campusnord/d60
2709,pwoeexwlqb,MOVE,29,373,upc/campusnord/d60
2709,ssijlzkvad,MEETING,24,197,upc/campusnord/d61
2710,drhkemknsx,MOVE,25,298,upc/campusnord/d60
2710,kzlimnmxim,MOVE,22,545,upc/campusnord/d63
2710,ffnfcxktjr,MOVE,24,215,upc/campusnord/d63
2711,pijcicswcl,MEETING,13,589,upc/campusnord/d68
2711,uqqlaqlqwe,MOVE,21,179,upc/campusnord/d60
2714,vgiejhikoz,MEETING,2,112,upc/campusnord/d69
2714,luxuilefvv,MOVE,17,436,upc/campusnord/d63
2716,djohbywctl,MEETING,20,105,upc/campusnord/d64
2720,evxgyjqetj,MEETING,22,156,upc/campusnord/d68
2725,hmxqehnvso,MEETING,8,474,upc/campusnord/d69
2730,wucjcvlzhf,MOVE,1,67,upc/campusnord/d60
2733,ykydwcoysb,MOVE,8,510,upc/campusnord/d60
2734,arvogreckm,MOVE,28,563,upc/campusnord/d60
2737,yffwesshnb,MEETING,18,472,upc/campusnord/d61
2739,sfdzycrgqz,MOVE,26,518,upc/campusnord/d60
2739,lefllgtjun,MEETING,24,175,upc/campusnord/d64
2745,krdoxfefqk,MOVE,23,396,upc/campusnord/d67
2746,nptkflsqut,MOVE,11,184,upc/campusnord/d63
2746,pggffevzcb,MOVE,9,208,upc/campusnord/d63
2751,kerfawqumo,MOVE,20,273,upc/campusnord/d63
2753,wzcbankjph,MOVE,6,376,upc/campusnord/d67
2766,saecysryrz,MEETING,25,438,upc/campusnord/d64
2768,vcrhsgsret,MEETING,28,503,upc/campusnord/d64
2773,aggndpawhl,MEETING,7,483,upc/campusnord/d61
2779,drjrnxuuvb,MOVE,22,170,upc/campusnord/d67
2789,hmgzrouass,MEETING,17,390,upc/campusnord/d69
2792,qvczzmpoea,MEETING,26,649,upc/campusnord/d61
2793,gwcvjwvoge,MOVE,8,120,upc/campusnord/d62
2795,kzieeiquqv,MOVE,23,688,upc/campusnord/d63
2798,ohizunmrtz,MEETING,14,477,upc/campusnord/d69
2801,fqucuampby,MEETING,13,642,upc/campusnord/d61
2803,xfrvkkugds,MEETING,13,295,upc/campusnord/d64
2804,aqribdhlzm,MOVE,7,316,upc/campusnord/d63
2804,wucjcvlzhf,MOVE,15,508,upc/campusnord/d63
2810,gawesymtts,MOVE,17,534,upc/campusnord/d67
2811,hegvgkugyt,MOVE,8,152,upc/campusnord/d63
2812,ixesuuketu,MOVE,25,178,upc/campusnord/d63
2814,mvpmqxyzyi,MEETING,29,588,upc/campusnord/d61
2816,agowsaivpx,MOVE,15,552,upc/campusnord/d60
2838,vgiejhikoz,MEETING,9,460,upc/campusnord/d64
2839,fijkyrknln,MOVE,21,100,upc/campusnord/d67
2840,lybedcdwmf,MOVE,15,269,upc/campusnord/d63
2846,ekgectjeey,MEETING,6,456,upc/campusnord/d68
2852,facfksvgbf,MEETING,14,334,upc/campusnord/d61
2854,djohbywctl,MEETING,23,224,upc/campusnord/d61
2856,dvlflxibks,MOVE,14,222,upc/campusnord/d66
2872,edhemzezre,MOVE,5,146,upc/campusnord/d60
2879,ymxbsvybll,MOVE,26,92,upc/campusnord/d60
2880,cqgppzatjx,MEETING,25,93,upc/campusnord/d61
2882,dhebftebnp,MEETING,26,650,upc/campusnord/d69
2884,xbgidbvnqk,MOVE,13,299,upc/campusnord/d60
2886,dghyenaetf,MOVE,12,172,upc/campusnord/d67
2887,jwgzdwhqas,MEETING,19,470,upc/campusnord/d61
2888,ivbxrqywtk,MEETING,8,298,upc/campusnord/d64
2894,sxbfjkxwxp,MEETING,24,278,upc/campusnord/d69
2896,qyhngexpze,MEETING,20,130,upc/campusnord/d64
2900,evxgyjqetj,MOVE,9,412,upc/campusnord/d63
2901,cqsbsfxtsq,MOVE,21,483,upc/campusnord/d63
2901,jguehdhael,MEETING,8,599,upc/campusnord/d68
2902,qrlubpelze,MEETING,11,357,upc/campusnord/d64
2910,rwttpqbxci,MEETING,5,101,upc/campusnord/d64
2912,vuirnofess,MOVE,10,160,upc/campusnord/d60
2915,uqqlaqlqwe,MOVE,8,112,upc/campusnord/d63
2921,bbsiuoxvhi,MEETING,5,469,upc/campusnord/d61
2923,gwcvjwvoge,MEETING,30,331,upc/campusnord/d61
2929,arvfcqkoik,MOVE,26,176,upc/campusnord/d62
2937,owzitgvmso,MOVE,1,601,upc/campusnord/d63
2939,ssijlzkvad,MOVE,9,707,upc/campusnord/d60
2940,wdbryugevs,MEETING,6,596,upc/campusnord/d69
2941,lefllgtjun,MOVE,23,478,upc/campusnord/d62
2947,nptkflsqut,MEETING,12,171,upc/campusnord/d69
2953,qidspbxcty,MEETING,18,156,upc/campusnord/d61
2954,ffnfcxktjr,MOVE,14,540,upc/campusnord/d60
2956,kirgchstnw,MOVE,26,467,upc/campusnord/d63
2957,euacargyfx,MOVE,27,692,upc/campusnord/d63
2959,ekujwlxgus,MEETING,14,154,upc/campusnord/d64
2962,fijkyrknln,MOVE,11,243,upc/campusnord/d62
2973,hegvgkugyt,MOVE,20,142,upc/campusnord/d60
2976,drjrnxuuvb,MOVE,21,118,upc/campusnord/d62
2981,szbhbkkklq,MOVE,1,451,upc/campusnord/d63
2983,pggffevzcb,MEETING,19,569,upc/campusnord/d64
2992,iqbkevjigz,MEETING,26,541,upc/campusnord/d69
2995,gxzdpiqbje,MEETING,10,303,upc/campusnord/d68
2997,xligjayafe,MOVE,26,324,upc/campusnord/d67
3000,vsuarknsik,MEETING,18,407,upc/campusnord/d69
3002,joqqobqets,MOVE,8,164,upc/campusnord/d60
3011,cqgppzatjx,MOVE,9,130,upc/campusnord/d63
3011,fgfdnsqitp,MOVE,1,482,upc/campusnord/d63
3011,ymxbsvybll,MOVE,24,435,upc/campusnord/d63
3015,bpxdgcabrl,MOVE,13,72,upc/campusnord/d62
3022,bpyofkhsep,MOVE,2,654,upc/campusnord/d67
3026,fwlzzuupyr,MEETING,29,411,upc/campusnord/d61
3028,rwttpqbxci,MEETING,28,501,upc/campusnord/d69
3028,ygfrjfcguq,MEETING,3,659,upc/campusnord/d68
3029,okzqolokyz,MOVE,28,94,upc/campusnord/d63
3033,ixesuuketu,MEETING,24,568,upc/campusnord/d68
3034,edhemzezre,MOVE,13,73,upc/campusnord/d63
3037,zdzsbukxdh,MOVE,12,211,upc/campusnord/d63
3037,rpmdkuihjb,MOVE,20,707,upc/campusnord/d62
3038,ptkvlagvmv,MEETING,27,477,upc/campusnord/d61
3039,drhkemknsx,MEETING,24,74,upc/campusnord/d61
3043,uqqlaqlqwe,MEETING,9,367,upc/campusnord/d61
3045,bmtauqzwfi,MEETING,18,260,upc/campusnord/d61
3049,nyhpelqhsz,MEETING,8,187,upc/campusnord/d69
3050,qdoxhxqrca,MOVE,1,397,upc/campusnord/d60
3052,qyhngexpze,MOVE,24,611,upc/campusnord/d63
3058,kerfawqumo,MEETING,22,500,upc/campusnord/d61
3058,dzfoxxgtsg,MEETING,6,708,upc/campusnord/d61
3068,jnihrhmdel,MOVE,1,496,upc/campusnord/d60
3073,qwvmleatod,MEETING,27,593,upc/campusnord/d69
3078,vvwdwsbhea,MOVE,20,171,upc/campusnord/d63
3080,dghyenaetf,MEETING,20,262,upc/campusnord/d61
3082,pkubmwvpzw,MEETING,29,674,upc/campusnord/d64
3085,azlxsfqmlv,MEETING,26,137,upc/campusnord/d69
3086,qtvvdqzxsy,MOVE,26,385,upc/campusnord/d63
3086,vuirnofess,MEETING,4,79,upc/campusnord/d69
3088,jjvrmsepng,MEETING,21,641,upc/campusnord/d64
3088,sjcyvwmlns,MEETING,19,490,upc/campusnord/d64
3093,uiervletvl,MEETING,19,268,upc/campusnord/d68
3107,djohbywctl,MOVE,3,609,upc/campusnord/d67
3113,bpxdgcabrl,MEETING,26,317,upc/campusnord/d61
3116,ptfvjjypey,MOVE,25,195,upc/campusnord/d66
3117,xfrvkkugds,MEETING,4,402,upc/campusnord/d69
3123,pwoeexwlqb,MOVE,29,610,upc/campusnord/d63
3125,drjrnxuuvb,MEETING,2,572,upc/campusnord/d61
3129,ekujwlxgus,MOVE,11,117,upc/campusnord/d60
3130,dvlflxibks,MEETING,11,423,upc/campusnord/d61
3132,ywetyieufa,MOVE,5,97,upc/campusnord/d62
3137,qidspbxcty,MEETING,28,89,upc/campusnord/d69
3138,vdshorhwuv,MEETING,19,383,upc/campusnord/d61
3138,rmcalmdkts,MEETING,24,658,upc/campusnord/d69
3138,ungjpbbqzp,MOVE,10,699,upc/campusnord/d67
3138,arvfcqkoik,MEETING,18,352,upc/campusnord/d64
3140,edhemzezre,MOVE,24,228,upc/campusnord/d60
3143,drhkemknsx,MOVE,14,246,upc/campusnord/d63
3146,hegvgkugyt,MEETING,25,447,upc/campusnord/d64
3147,kvwjvgthqk,MEETING,2,679,upc/campusnord/d64
3150,oxbwuoyadb,MEETING,28,100,upc/campusnord/d69
3151,fudcktltwu,MOVE,7,230,upc/campusnord/d63
3151,wzcbankjph,MOVE,22,566,upc/campusnord/d66
3152,aqribdhlzm,MEETING,24,532,upc/campusnord/d64
3152,cqgppzatjx,MEETING,21,506,upc/campusnord/d68
3152,nueieqnnwb,MOVE,20,63,upc/campusnord/d63
3152,nptkflsqut,MOVE,14,283,upc/campusnord/d60
3155,oxmsleuqak,MOVE,7,400,upc/campusnord/d60
3158,okzqolokyz,MOVE,6,420,upc/campusnord/d60
3163,lambtggfvk,MOVE,13,391,upc/campusnord/d63
3163,lybedcdwmf,MOVE,2,137,upc/campusnord/d60
3163,rnbpsmmxji,MEETING,12,498,upc/campusnord/d69
3166,rqkrirgzqn,MOVE,29,75,upc/campusnord/d60
3166,topbzdimzz,MOVE,23,195,upc/campusnord/d60
3166,krdoxfefqk,MOVE,24,172,upc/campusnord/d66
3168,vacvuzpmht,MOVE,7,143,upc/campusnord/d63
3169,luxuilefvv,MEETING,3,716,upc/campusnord/d61
3171,zklziollei,MEETING,8,321,upc/campusnord/d68
3173,vuirnofess,MEETING,22,327,upc/campusnord/d68
3173,evvgkxdxwi,MOVE,16,530,upc/campusnord/d60
3182,joqqobqets,MOVE,29,166,upc/campusnord/d63
3190,tkricoxsji,MEETING,5,174,upc/campusnord/d61
3192,aqmryidxfw,MOVE,9,596,upc/campusnord/d63
3196,jzfacdiabk,MOVE,26,317,upc/campusnord/d63
3196,ruzxtxamrr,MEETING,24,598,upc/campusnord/d61
3197,ivbxrqywtk,MEETING,2,270,upc/campusnord/d68
3199,fujjryxodl,MOVE,24,330,upc/campusnord/d63
3200,sxbfjkxwxp,MEETING,27,225,upc/campusnord/d68
3200,txbkzlqbsi,MOVE,1,285,upc/campusnord/d62
3201,xbgidbvnqk,MEETING,18,586,upc/campusnord/d64
3205,hmgzrouass,MOVE,7,131,upc/campusnord/d60
3208,facfksvgbf,MOVE,22,94,upc/campusnord/d67
3209,akhxgzoorc,MEETING,23,293,upc/campusnord/d61
3209,izgnaaayww,MEETING,6,140,upc/campusnord/d69
3211,hmxqehnvso,MOVE,25,211,upc/campusnord/d62
3213,wigvowryzn,MOVE,22,667,upc/campusnord/d66
3218,fijkyrknln,MOVE,30,410,upc/campusnord/d67
3218,pdnxvyuedd,MOVE,25,582,upc/campusnord/d66
3219,vgrarzrueu,MOVE,13,676,upc/campusnord/d63
3225,brmrnxrdlf,MEETING,28,455,upc/campusnord/d61
3225,qeckoytvlt,MEETING,9,323,upc/campusnord/d69
3233,yffwesshnb,MEETING,17,116,upc/campusnord/d68
3234,ykcpznanjx,MOVE,29,84,upc/campusnord/d60
3236,oanzpqtvub,MOVE,14,527,upc/campusnord/d60
3240,cxaobgahdf,MEETING,29,328,upc/campusnord/d61
3242,noihbbopho,MEETING,15,251,upc/campusnord/d68
3244,mekosyaamn,MEETING,12,538,upc/campusnord/d68
3245,ywetyieufa,MOVE,17,649,upc/campusnord/d67
3246,nueieqnnwb,MOVE,9,575,upc/campusnord/d60
3248,pgmwighous,MOVE,23,485,upc/campusnord/d63
3256,ykydwcoysb,MOVE,23,457,upc/campusnord/d63
3256,fnpeqzzynt,MEETING,13,315,upc/campusnord/d69
3258,nyhpelqhsz,MEETING,17,151,upc/campusnord/d68
3260,qidspbxcty,MEETING,12,149,upc/campusnord/d64
3261,azlxsfqmlv,MOVE,20,349,upc/campusnord/d60
3261,saecysryrz,MOVE,3,210,upc/campusnord/d63
3264,ekujwlxgus,MEETING,21,118,upc/campusnord/d68
3267,zdzsbukxdh,MEETING,18,473,upc/campusnord/d64
3274,aggndpawhl,MEETING,3,718,upc/campusnord/d68
3279,vvwdwsbhea,MOVE,8,443,upc/campusnord/d60
3279,rqkrirgzqn,MEETING,23,673,upc/campusnord/d68
3280,kzlimnmxim,MOVE,8,615,upc/campusnord/d60
3283,wkgwspjcuj,MOVE,22,270,upc/campusnord/d60
3283,kapauhbvkj,MOVE,20,330,upc/campusnord/d66
3287,lqdcxkhzsq,MOVE,16,376,upc/campusnord/d62
3289,gwcvjwvoge,MEETING,28,448,upc/campusnord/d68
3291,twhhhncebm,MOVE,7,213,upc/campusnord/d62
3293,sfdzycrgqz,MEETING,28,74,upc/campusnord/d69
3294,komzujqxzj,MEETING,11,680,upc/campusnord/d64
3294,oxbwuoyadb,MEETING,4,307,upc/campusnord/d61
3296,qrlubpelze,MOVE,21,124,upc/campusnord/d60
3301,ohizunmrtz,MEETING,1,647,upc/campusnord/d61
3303,vcrhsgsret,MEETING,29,457,upc/campusnord/d69
3307,lybedcdwmf,MOVE,19,632,upc/campusnord/d63
3308,cbuasjxyao,MEETING,9,471,upc/campusnord/d64
3310,vgiejhikoz,MOVE,4,351,upc/campusnord/d60
3310,gxzdpiqbje,MEETING,20,658,upc/campusnord/d64
3315,ytllppiihb,MOVE,30,243,upc/campusnord/d66
3321,pijcicswcl,MOVE,2,555,upc/campusnord/d60
3321,ekgectjeey,MEETING,21,112,upc/campusnord/d64
3324,vacvuzpmht,MEETING,1,239,upc/campusnord/d61
3326,evxgyjqetj,MOVE,9,589,upc/campusnord/d60
3332,arvogreckm,MEETING,4,622,upc/campusnord/d64
3333,wucjcvlzhf,MOVE,22,355,upc/campusnord/d60
3338,facfksvgbf,MEETING,19,688,upc/campusnord/d68
3339,ptfvjjypey,MEETING,29,611,upc/campusnord/d64
3344,bmtauqzwfi,MOVE,18,99,upc/campusnord/d62
3346,fdttxuqcux,MOVE,7,399,upc/campusnord/d62
3348,tiepjxxvrm,MEETING,7,547,upc/campusnord/d69
3352,pkkjftvhoh,MEETING,27,570,upc/campusnord/d64
3353,hmgzrouass,MOVE,8,642,upc/campusnord/d63
3353,ykcpznanjx,MOVE,5,146,upc/campusnord/d63
3354,xligjayafe,MEETING,18,559,upc/campusnord/d61
3356,gjelyeuiak,MOVE,8,559,upc/campusnord/d63
3358,plcjqszdaa,MOVE,9,283,upc/campusnord/d60
3358,izgnaaayww,MEETING,15,87,upc/campusnord/d61
3364,dlypygokkg,MOVE,2,582,upc/campusnord/d60
3364,dghyenaetf,MOVE,26,525,upc/campusnord/d62
3369,yffwesshnb,MOVE,21,658,upc/campusnord/d63
3370,vlajuoiwxe,MOVE,7,444,upc/campusnord/d66
3371,tifqvdztdo,MEETING,10,589,upc/campusnord/d61
3372,gawesymtts,MOVE,22,274,upc/campusnord/d62
3373,krdoxfefqk,MEETING,18,671,upc/campusnord/d68
3376,tkricoxsji,MEETING,30,128,upc/campusnord/d69
3376,jtkxuqxglb,MOVE,3,687,upc/campusnord/d66
3378,jwgzdwhqas,MEETING,1,386,upc/campusnord/d68
3383,joqqobqets,MOVE,13,78,upc/campusnord/d60
3389,uiervletvl,MOVE,13,322,upc/campusnord/d63
3390,fudcktltwu,MEETING,1,459,upc/campusnord/d61
3392,topbzdimzz,MOVE,6,88,upc/campusnord/d63
3394,agowsaivpx,MEETING,12,634,upc/campusnord/d69
3394,edhemzezre,MEETING,24,456,upc/campusnord/d68
3399,bbsiuoxvhi,MEETING,8,334,upc/campusnord/d64
3405,drhkemknsx,MOVE,17,652,upc/campusnord/d60
3408,sfdzycrgqz,MOVE,20,556,upc/campusnord/d63
3411,ekujwlxgus,MEETING,24,218,upc/campusnord/d61
3414,cqsbsfxtsq,MOVE,7,303,upc/campusnord/d60
3425,uqqlaqlqwe,MOVE,3,719,upc/campusnord/d63
3428,qidspbxcty,MOVE,21,664,upc/campusnord/d63
3428,nyhpelqhsz,MOVE,30,152,upc/campusnord/d60
3435,szbhbkkklq,MOVE,16,173,upc/campusnord/d60
3444,lefllgtjun,MEETING,15,496,upc/campusnord/d61
3447,qrlubpelze,MEETING,27,585,upc/campusnord/d61
3450,vsuarknsik,MOVE,16,121,upc/campusnord/d63
3451,ldolldmctq,MEETING,16,496,upc/campusnord/d61
3452,nptkflsqut,MEETING,11,583,upc/campusnord/d69
3452,kirgchstnw,MEETING,9,681,upc/campusnord/d69
3453,qdoxhxqrca,MEETING,23,286,upc/campusnord/d64
3453,hmxqehnvso,MEETING,19,497,upc/campusnord/d69
3458,ekgectjeey,MEETING,2,334,upc/campusnord/d61
3459,sxbfjkxwxp,MOVE,30,321,upc/campusnord/d60
3460,mvpmqxyzyi,MOVE,4,126,upc/campusnord/d60
3461,bpxdgcabrl,MEETING,12,487,upc/campusnord/d68
3465,bmtauqzwfi,MOVE,13,494,upc/campusnord/d67
3469,izgnaaayww,MOVE,18,127,upc/campusnord/d62
3471,fwlzzuupyr,MEETING,21,664,upc/campusnord/d64
3473,fqucuampby,MEETING,25,609,upc/campusnord/d64
3476,joqqobqets,MEETING,14,664,upc/campusnord/d61
3480,saecysryrz,MEETING,1,695,upc/campusnord/d69
3483,ymxbsvybll,MEETING,11,518,upc/campusnord/d69
3487,ivbxrqywtk,MOVE,22,428,upc/campusnord/d60
3488,topbzdimzz,MEETING,8,348,upc/campusnord/d68
3489,txbkzlqbsi,MOVE,23,605,upc/campusnord/d67
3496,fgfdnsqitp,MOVE,24,85,upc/campusnord/d60
3507,zklziollei,MOVE,29,401,upc/campusnord/d66
3508,ykcpznanjx,MEETING,11,562,upc/campusnord/d64
3510,qtvvdqzxsy,MEETING,20,495,upc/campusnord/d69
3515,ffnfcxktjr,MEETING,6,285,upc/campusnord/d68
3515,arvfcqkoik,MOVE,8,248,upc/campusnord/d62
3517,twhhhncebm,MOVE,10,501,upc/campusnord/d67
3517,qvczzmpoea,MOVE,24,204,upc/campusnord/d62
3519,kzieeiquqv,MOVE,1,104,upc/campusnord/d60
3520,jguehdhael,MOVE,17,550,upc/campusnord/d63
3531,vuirnofess,MEETING,14,640,upc/campusnord/d69
3535,noihbbopho,MOVE,23,678,upc/campusnord/d63
3535,akhxgzoorc,MOVE,24,708,upc/campusnord/d60
3535,xfrvkkugds,MEETING,2,177,upc/campusnord/d68
3539,tkricoxsji,MEETING,8,426,upc/campusnord/d68
3546,vdshorhwuv,MOVE,17,120,upc/campusnord/d63
3546,jzfacdiabk,MOVE,21,203,upc/campusnord/d60
3546,ptkvlagvmv,MEETING,2,246,upc/campusnord/d69
3546,wdbryugevs,MOVE,28,225,upc/campusnord/d66
3556,fujjryxodl,MEETING,3,561,upc/campusnord/d61
3560,qeckoytvlt,MEETING,24,494,upc/campusnord/d68
3562,iqbkevjigz,MOVE,16,543,upc/campusnord/d63
3564,oxmsleuqak,MEETING,13,132,upc/campusnord/d68
3565,owzitgvmso,MEETING,16,230,upc/campusnord/d68
3568,vacvuzpmht,MOVE,20,621,upc/campusnord/d63
3570,lambtggfvk,MOVE,22,223,upc/campusnord/d60
3570,rwttpqbxci,MEETING,13,409,upc/campusnord/d64
3572,jnihrhmdel,MOVE,29,446,upc/campusnord/d63
3573,dhebftebnp,MOVE,17,464,upc/campusnord/d60
3573,pggffevzcb,MOVE,14,587,upc/campusnord/d60
3581,dvlflxibks,MOVE,10,631,upc/campusnord/d67
3582,wkgwspjcuj,MEETING,13,344,upc/campusnord/d61
3586,kerfawqumo,MOVE,14,367,upc/campusnord/d60
3586,okzqolokyz,MEETING,7,704,upc/campusnord/d64
3594,vsuarknsik,MOVE,3,498,upc/campusnord/d60
3595,mvpmqxyzyi,MOVE,20,327,upc/campusnord/d63
3597,fnpeqzzynt,MEETING,30,119,upc/campusnord/d68
3600,ytllppiihb,MOVE,2,661,upc/campusnord/d62
3603,sjcyvwmlns,MEETING,24,301,upc/campusnord/d68
3603,cxaobgahdf,MEETING,9,532,upc/campusnord/d69
3608,fgfdnsqitp,MOVE,30,289,upc/campusnord/d63
3609,oxbwuoyadb,MOVE,16,699,upc/campusnord/d66
3614,nyhpelqhsz,MOVE,27,480,upc/campusnord/d63
3621,hegvgkugyt,MEETING,27,75,upc/campusnord/d68
3627,kzieeiquqv,MEETING,11,639,upc/campusnord/d61
3632,ixesuuketu,MOVE,16,456,upc/campusnord/d63
3635,szbhbkkklq,MEETING,19,166,upc/campusnord/d69
3638,kapauhbvkj,MEETING,30,676,upc/campusnord/d61
3646,azlxsfqmlv,MEETING,10,527,upc/campusnord/d64
3648,izgnaaayww,MEETING,27,291,upc/campusnord/d64
3652,plcjqszdaa,MOVE,28,470,upc/campusnord/d63
3659,ekujwlxgus,MEETING,21,74,upc/campusnord/d64
3660,fijkyrknln,MEETING,3,481,upc/campusnord/d61
3674,gawesymtts,MEETING,9,560,upc/campusnord/d61
3677,rnbpsmmxji,MEETING,20,76,upc/campusnord/d61
3683,bpyofkhsep,MEETING,30,367,upc/campusnord/d61
3684,ssijlzkvad,MOVE,14,714,upc/campusnord/d63
3686,vgiejhikoz,MEETING,29,126,upc/campusnord/d61
3687,vdshorhwuv,MOVE,22,714,upc/campusnord/d60
3689,cqgppzatjx,MEETING,22,466,upc/campusnord/d61
3689,euacargyfx,MOVE,19,499,upc/campusnord/d60
3691,lqdcxkhzsq,MOVE,29,464,upc/campusnord/d67
3698,qwvmleatod,MEETING,13,678,upc/campusnord/d64
3707,drjrnxuuvb,MEETING,19,677,upc/campusnord/d64
3715,qyhngexpze,MOVE,28,333,upc/campusnord/d60
3716,brmrnxrdlf,MEETING,27,527,upc/campusnord/d64
3717,wucjcvlzhf,MOVE,23,697,upc/campusnord/d63
3719,oxmsleuqak,MEETING,27,208,upc/campusnord/d69
3724,aqribdhlzm,MEETING,9,591,upc/campusnord/d61
3725,djohbywctl,MOVE,13,354,upc/campusnord/d66
3728,uiervletvl,MEETING,7,547,upc/campusnord/d64
3728,evvgkxdxwi,MEETING,16,519,upc/campusnord/d61
3730,hegvgkugyt,MEETING,3,252,upc/campusnord/d69
3735,vvwdwsbhea,MOVE,18,108,upc/campusnord/d63
3735,xfrvkkugds,MEETING,29,426,upc/campusnord/d69
3737,cqsbsfxtsq,MEETING,24,235,upc/campusnord/d61
3738,ygfrjfcguq,MEETING,2,602,upc/campusnord/d61
3740,ykydwcoysb,MOVE,30,244,upc/campusnord/d60
3744,bbsiuoxvhi,MEETING,18,256,upc/campusnord/d61
3746,wzcbankjph,MEETING,22,661,upc/campusnord/d68
3752,jjvrmsepng,MEETING,3,598,upc/campusnord/d61
3752,fnpeqzzynt,MEETING,28,308,upc/campusnord/d61
3753,qvczzmpoea,MOVE,7,363,upc/campusnord/d66
3754,fdttxuqcux,MEETING,23,563,upc/campusnord/d64
3760,zdzsbukxdh,MOVE,30,75,upc/campusnord/d60
3762,ekujwlxgus,MEETING,21,240,upc/campusnord/d68
3762,pgmwighous,MEETING,19,318,upc/campusnord/d61
3767,rpmdkuihjb,MOVE,17,604,upc/campusnord/d67
3768,gwcvjwvoge,MOVE,16,178,upc/campusnord/d67
3775,qdoxhxqrca,MEETING,15,683,upc/campusnord/d68
3777,jwgzdwhqas,MOVE,28,607,upc/campusnord/d60
3779,pwoeexwlqb,MOVE,22,511,upc/campusnord/d60
3780,oanzpqtvub,MEETING,28,256,upc/campusnord/d64
3780,arvfcqkoik,MOVE,3,146,upc/campusnord/d67
3782,rnbpsmmxji,MOVE,8,201,upc/campusnord/d60
3785,dzfoxxgtsg,MOVE,16,673,upc/campusnord/d63
3788,jzfacdiabk,MEETING,17,407,upc/campusnord/d61
3791,cbuasjxyao,MOVE,7,614,upc/campusnord/d67
3795,vcrhsgsret,MOVE,14,421,upc/campusnord/d60
3796,ptkvlagvmv,MEETING,5,713,upc/campusnord/d68
3801,pkubmwvpzw,MOVE,27,314,upc/campusnord/d66
3804,wdbryugevs,MOVE,14,561,upc/campusnord/d67
3805,aqmryidxfw,MEETING,22,356,upc/campusnord/d61
3810,ffnfcxktjr,MEETING,1,610,upc/campusnord/d64
3810,ekgectjeey,MEETING,16,310,upc/campusnord/d64
3812,xbgidbvnqk,MEETING,10,409,upc/campusnord/d69
3812,sxbfjkxwxp,MOVE,5,256,upc/campusnord/d63
3814,owzitgvmso,MOVE,3,584,upc/campusnord/d63
3824,rmcalmdkts,MOVE,6,350,upc/campusnord/d63
3825,lambtggfvk,MOVE,29,309,upc/campusnord/d63
3825,mekosyaamn,MOVE,20,642,upc/campusnord/d66
3826,ruzxtxamrr,MOVE,20,564,upc/campusnord/d60
3828,pdnxvyuedd,MEETING,29,604,upc/campusnord/d68
3830,vlajuoiwxe,MOVE,4,681,upc/campusnord/d67
3833,kvwjvgthqk,MOVE,21,332,upc/campusnord/d63
3839,szbhbkkklq,MOVE,25,307,upc/campusnord/d60
3840,nueieqnnwb,MEETING,3,448,upc/campusnord/d61
3847,topbzdimzz,MOVE,2,718,upc/campusnord/d60
3852,vgiejhikoz,MOVE,25,497,upc/campusnord/d60
3857,fudcktltwu,MOVE,30,487,upc/campusnord/d63
3864,ungjpbbqzp,MOVE,17,700,upc/campusnord/d62
3873,vvwdwsbhea,MEETING,30,563,upc/campusnord/d69
3882,edhemzezre,MEETING,30,159,upc/campusnord/d61
3883,zdzsbukxdh,MEETING,25,355,upc/campusnord/d69
3890,luxuilefvv,MEETING,17,336,upc/campusnord/d64
3893,pijcicswcl,MEETING,28,667,upc/campusnord/d61
3907,tiepjxxvrm,MOVE,28,382,upc/campusnord/d63
3919,kzlimnmxim,MOVE,9,580,upc/campusnord/d63
3920,wigvowryzn,MOVE,9,353,upc/campusnord/d67
3920,ywetyieufa,MEETING,26,623,upc/campusnord/d64
3922,vgrarzrueu,MOVE,8,247,upc/campusnord/d60
3927,evxgyjqetj,MEETING,27,598,upc/campusnord/d64
3929,fgfdnsqitp,MOVE,23,321,upc/campusnord/d60
3932,gjelyeuiak,MOVE,12,199,upc/campusnord/d60
3932,sjcyvwmlns,MEETING,14,518,upc/campusnord/d64
3933,arvfcqkoik,MOVE,21,178,upc/campusnord/d66
3936,dghyenaetf,MOVE,16,288,upc/campusnord/d66
3940,zklziollei,MOVE,9,490,upc/campusnord/d62
3941,ivbxrqywtk,MOVE,20,92,upc/campusnord/d63
3941,xligjayafe,MOVE,2,149,upc/campusnord/d67
3950,mvpmqxyzyi,MEETING,30,207,upc/campusnord/d69
3950,dlypygokkg,MOVE,27,476,upc/campusnord/d63
3954,pkkjftvhoh,MOVE,19,643,upc/campusnord/d60
3955,wkgwspjcuj,MOVE,5,192,upc/campusnord/d63
3956,ohizunmrtz,MOVE,23,581,upc/campusnord/d60
3964,oxmsleuqak,MEETING,24,232,upc/campusnord/d68
3968,lefllgtjun,MOVE,6,316,upc/campusnord/d62
3968,gwcvjwvoge,MOVE,11,448,upc/campusnord/d62
3969,kerfawqumo,MOVE,14,67,upc/campusnord/d63
3970,ldolldmctq,MOVE,16,289,upc/campusnord/d60
3972,hmxqehnvso,MOVE,4,626,upc/campusnord/d67
3973,izgnaaayww,MEETING,20,198,upc/campusnord/d68
3976,arvogreckm,MOVE,9,589,upc/campusnord/d63
3977,lybedcdwmf,MEETING,14,175,upc/campusnord/d69
3983,rqkrirgzqn,MEETING,18,537,upc/campusnord/d69
3986,ptfvjjypey,MEETING,1,513,upc/campusnord/d61
3987,bpxdgcabrl,MOVE,14,119,upc/campusnord/d62
3989,tifqvdztdo,MOVE,8,391,upc/campusnord/d66
3992,gxzdpiqbje,MEETING,19,344,upc/campusnord/d61
3994,komzujqxzj,MEETING,29,431,upc/campusnord/d68
3994,rwttpqbxci,MEETING,12,470,upc/campusnord/d61
3999,sfdzycrgqz,MOVE,19,268,upc/campusnord/d60
4001,cqsbsfxtsq,MOVE,7,553,upc/campusnord/d63
4002,tkricoxsji,MEETING,21,134,upc/campusnord/d61
4004,hegvgkugyt,MOVE,17,339,upc/campusnord/d63
4005,bmtauqzwfi,MEETING,26,449,upc/campusnord/d68
4010,rnbpsmmxji,MEETING,9,678,upc/campusnord/d69
4012,aggndpawhl,MEETING,2,586,upc/campusnord/d69
4019,ykydwcoysb,MOVE,22,432,upc/campusnord/d63
4024,bbsiuoxvhi,MOVE,19,343,upc/campusnord/d62
4025,hmgzrouass,MEETING,27,373,upc/campusnord/d61
4027,ekujwlxgus,MOVE,28,356,upc/campusnord/d60
4033,ymxbsvybll,MOVE,30,239,upc/campusnord/d63
4040,qtvvdqzxsy,MEETING,20,135,upc/campusnord/d68
4049,nptkflsqut,MEETING,19,354,upc/campusnord/d68
4053,jnihrhmdel,MOVE,8,484,upc/campusnord/d60
4056,twhhhncebm,MEETING,29,120,upc/campusnord/d61
4056,facfksvgbf,MEETING,23,556,upc/campusnord/d64
4060,agowsaivpx,MEETING,22,213,upc/campusnord/d61
4068,qrlubpelze,MOVE,15,415,upc/campusnord/d63
4068,ivbxrqywtk,MEETING,12,380,upc/campusnord/d64
4074,jtkxuqxglb,MOVE,11,511,upc/campusnord/d67
4081,oanzpqtvub,MEETING,14,63,upc/campusnord/d68
4084,edhemzezre,MEETING,26,598,upc/campusnord/d69
4085,dhebftebnp,MEETING,27,522,upc/campusnord/d64
4086,drhkemknsx,MEETING,19,231,upc/campusnord/d68
4088,krdoxfefqk,MEETING,30,369,upc/campusnord/d69
4088,bpyofkhsep,MOVE,10,392,upc/campusnord/d66
4090,sxbfjkxwxp,MEETING,19,691,upc/campusnord/d64
4091,qyhngexpze,MOVE,11,610,upc/campusnord/d63
4092,yffwesshnb,MOVE,29,432,upc/campusnord/d60
4092,fnpeqzzynt,MEETING,25,158,upc/campusnord/d68
4094,djohbywctl,MOVE,22,590,upc/campusnord/d62
4097,vsuarknsik,MOVE,30,700,upc/campusnord/d63
4102,kerfawqumo,MOVE,22,496,upc/campusnord/d60
4102,ykcpznanjx,MOVE,29,646,upc/campusnord/d60
4102,qeckoytvlt,MOVE,15,473,upc/campusnord/d62
4103,xligjayafe,MOVE,5,377,upc/campusnord/d62
4106,jguehdhael,MEETING,26,659,upc/campusnord/d68
4117,fqucuampby,MEETING,18,360,upc/campusnord/d61
4120,txbkzlqbsi,MOVE,10,392,upc/campusnord/d62
4123,qidspbxcty,MOVE,29,329,upc/campusnord/d60
4123,iqbkevjigz,MEETING,27,391,upc/campusnord/d64
4124,ixesuuketu,MEETING,27,60,upc/campusnord/d68
4127,qvczzmpoea,MEETING,16,541,upc/campusnord/d64
4128,bpxdgcabrl,MOVE,12,652,upc/campusnord/d67
4130,fujjryxodl,MOVE,22,109,upc/campusnord/d60
4134,pgmwighous,MEETING,18,669,upc/campusnord/d64
4138,nyhpelqhsz,MOVE,9,703,upc/campusnord/d60
4146,fijkyrknln,MOVE,14,531,upc/campusnord/d62
4147,pkubmwvpzw,MEETING,22,703,upc/campusnord/d64
4149,kirgchstnw,MOVE,29,713,upc/campusnord/d60
4149,ekgectjeey,MOVE,6,501,upc/campusnord/d67
4151,uqqlaqlqwe,MOVE,7,292,upc/campusnord/d60
4153,cxaobgahdf,MOVE,21,607,upc/campusnord/d66
4159,wkgwspjcuj,MOVE,8,586,upc/campusnord/d60
4161,fwlzzuupyr,MEETING,15,561,upc/campusnord/d61
4161,arvfcqkoik,MEETING,24,60,upc/campusnord/d68
4169,gjelyeuiak,MEETING,5,448,upc/campusnord/d61
4174,szbhbkkklq,MOVE,4,272,upc/campusnord/d63
4175,lambtggfvk,MEETING,7,348,upc/campusnord/d64
4180,lybedcdwmf,MEETING,26,406,upc/campusnord/d61
4182,cqgppzatjx,MEETING,20,96,upc/campusnord/d69
4182,rmcalmdkts,MOVE,12,441,upc/campusnord/d60
4183,saecysryrz,MEETING,14,401,upc/campusnord/d61
4186,lqdcxkhzsq,MOVE,16,634,upc/campusnord/d66
4189,tkricoxsji,MOVE,8,523,upc/campusnord/d63
4192,aqmryidxfw,MEETING,29,165,upc/campusnord/d64
4193,oanzpqtvub,MOVE,16,433,upc/campusnord/d60
4197,azlxsfqmlv,MOVE,20,577,upc/campusnord/d60
4199,mvpmqxyzyi,MOVE,17,522,upc/campusnord/d63
4206,plcjqszdaa,MOVE,10,338,upc/campusnord/d60
4214,vgrarzrueu,MOVE,14,397,upc/campusnord/d63
4218,twhhhncebm,MOVE,22,405,upc/campusnord/d66
4220,joqqobqets,MOVE,2,192,upc/campusnord/d60
4221,qtvvdqzxsy,MOVE,4,521,upc/campusnord/d60
4223,pggffevzcb,MEETING,16,208,upc/campusnord/d64
4228,kvwjvgthqk,MEETING,1,350,upc/campusnord/d64
4229,izgnaaayww,MEETING,23,171,upc/campusnord/d69
4233,xfrvkkugds,MOVE,15,70,upc/campusnord/d60
4247,oxmsleuqak,MOVE,27,417,upc/campusnord/d60
4248,dvlflxibks,MEETING,12,550,upc/campusnord/d61
4252,vuirnofess,MOVE,3,103,upc/campusnord/d63
4253,ixesuuketu,MOVE,19,601,upc/campusnord/d60
4255,dghyenaetf,MOVE,6,272,upc/campusnord/d62
4257,vcrhsgsret,MEETING,24,92,upc/campusnord/d68
4262,gawesymtts,MEETING,7,243,upc/campusnord/d64
4263,jzfacdiabk,MEETING,26,553,upc/campusnord/d68
4264,vacvuzpmht,MOVE,26,286,upc/campusnord/d60
4272,noihbbopho,MOVE,1,571,upc/campusnord/d60
4276,akhxgzoorc,MEETING,27,210,upc/campusnord/d61
4277,arvfcqkoik,MOVE,25,279,upc/campusnord/d62
4279,kzieeiquqv,MOVE,17,142,upc/campusnord/d63
4282,fnpeqzzynt,MEETING,18,116,upc/campusnord/d69
4285,uiervletvl,MOVE,2,188,upc/campusnord/d63
4292,xbgidbvnqk,MEETING,26,326,upc/campusnord/d64
4293,nueieqnnwb,MEETING,22,419,upc/campusnord/d64
4294,ldolldmctq,MOVE,28,302,upc/campusnord/d63
4296,brmrnxrdlf,MEETING,6,327,upc/campusnord/d68
4298,zdzsbukxdh,MOVE,21,543,upc/campusnord/d60
4302,euacargyfx,MEETING,30,309,upc/campusnord/d68
4302,lefllgtjun,MEETING,11,433,upc/campusnord/d69
4303,agowsaivpx,MEETING,4,399,upc/campusnord/d68
4303,okzqolokyz,MEETING,4,642,upc/campusnord/d61
4304,evvgkxdxwi,MEETING,2,250,upc/campusnord/d68
4307,fgfdnsqitp,MEETING,10,79,upc/campusnord/d61
4315,sfdzycrgqz,MEETING,6,533,upc/campusnord/d64
4318,cqgppzatjx,MOVE,30,466,upc/campusnord/d60
4500,dzfoxxgtsg,LUNCH,4,443,salon
4500,izgnaaayww,LUNCH,5,254,salon
4500,fqucuampby,LUNCH,3,204,salon
4501,aqribdhlzm,LUNCH,7,495,salon
4501,jwgzdwhqas,LUNCH,4,215,salon
4501,kzieeiquqv,LUNCH,9,353,salon
4501,qdoxhxqrca,LUNCH,4,307,salon
4502,vvwdwsbhea,LUNCH,3,192,salon
4502,aqmryidxfw,LUNCH,6,210,salon
4502,wucjcvlzhf,LUNCH,3,416,salon
4502,gxzdpiqbje,LUNCH,6,241,salon
4504,qrlubpelze,LUNCH,6,354,salon
4504,drjrnxuuvb,LUNCH,8,285,salon
4505,ekujwlxgus,LUNCH,10,217,salon
4505,hegvgkugyt,LUNCH,1,357,salon
4505,ymxbsvybll,LUNCH,5,432,salon
4505,xfrvkkugds,LUNCH,5,280,salon
4505,kapauhbvkj,LUNCH,1,313,salon
4506,ssijlzkvad,LUNCH,2,418,salon
4507,vdshorhwuv,LUNCH,3,334,salon
4507,pggffevzcb,LUNCH,8,289,salon
4508,vuirnofess,LUNCH,3,300,salon
4508,ruzxtxamrr,LUNCH,4,391,salon
4508,luxuilefvv,LUNCH,3,278,salon
4508,ptfvjjypey,LUNCH,6,323,salon
4509,uqqlaqlqwe,LUNCH,1,278,salon
4509,nptkflsqut,LUNCH,6,461,salon
4509,ivbxrqywtk,LUNCH,6,247,salon
4509,qidspbxcty,LUNCH,4,475,salon
4509,rwttpqbxci,LUNCH,3,264,salon
4510,dlypygokkg,LUNCH,3,452,salon
4510,ygfrjfcguq,LUNCH,4,288,salon
4510,pdnxvyuedd,LUNCH,5,389,salon
4510,rpmdkuihjb,LUNCH,4,298,salon
4511,tiepjxxvrm,LUNCH,9,407,salon
4511,cbuasjxyao,LUNCH,4,273,salon
4512,vgiejhikoz,LUNCH,3,504,salon
4512,tifqvdztdo,LUNCH,9,192,salon
4512,wdbryugevs,LUNCH,2,438,salon
4513,joqqobqets,LUNCH,6,519,salon
4513,krdoxfefqk,LUNCH,10,435,salon
4514,komzujqxzj,LUNCH,9,298,salon
4518,owzitgvmso,LUNCH,8,384,salon
4519,gawesymtts,LUNCH,8,538,salon
4520,uiervletvl,LUNCH,1,290,salon
4520,sjcyvwmlns,LUNCH,5,194,salon
4521,bmtauqzwfi,LUNCH,8,250,salon
4521,wzcbankjph,LUNCH,1,230,salon
4522,akhxgzoorc,LUNCH,10,264,salon
4522,gwcvjwvoge,LUNCH,6,497,salon
4523,kzlimnmxim,LUNCH,3,200,salon
4524,fudcktltwu,LUNCH,4,464,salon
4525,ykydwcoysb,LUNCH,2,198,salon
4525,mekosyaamn,LUNCH,5,420,salon
4526,zklziollei,LUNCH,4,533,salon
4526,fnpeqzzynt,LUNCH,2,384,salon
4527,bpyofkhsep,LUNCH,8,485,salon
4529,qwvmleatod,LUNCH,4,384,salon
4529,txbkzlqbsi,LUNCH,4,409,salon
4530,ytllppiihb,LUNCH,4,404,salon
4534,xligjayafe,LUNCH,9,430,salon
4536,fgfdnsqitp,LUNCH,2,491,salon
4537,pwoeexwlqb,LUNCH,4,413,salon
4539,szbhbkkklq,LUNCH,3,322,salon
4539,vcrhsgsret,LUNCH,8,403,salon
4540,ptkvlagvmv,LUNCH,6,535,salon
4540,oxbwuoyadb,LUNCH,1,209,salon
4542,hmgzrouass,LUNCH,5,363,salon
4546,fdttxuqcux,LUNCH,8,255,salon
4550,dghyenaetf,LUNCH,1,395,salon
4555,jnihrhmdel,LUNCH,8,316,salon
4556,fujjryxodl,LUNCH,6,444,salon
4557,drhkemknsx,LUNCH,7,383,salon
4557,iqbkevjigz,LUNCH,7,302,salon
4559,evvgkxdxwi,LUNCH,9,439,salon
4560,jjvrmsepng,LUNCH,1,535,salon
4561,lambtggfvk,LUNCH,5,382,salon
4564,plcjqszdaa,LUNCH,9,351,salon
4564,rqkrirgzqn,LUNCH,4,501,salon
4564,vlajuoiwxe,LUNCH,1,377,salon
4567,cqsbsfxtsq,LUNCH,5,375,salon
4568,ohizunmrtz,LUNCH,10,472,salon
4571,evxgyjqetj,LUNCH,5,213,salon
4574,yffwesshnb,LUNCH,6,392,salon
4574,wigvowryzn,LUNCH,4,499,salon
4578,arvogreckm,LUNCH,2,358,salon
4582,bbsiuoxvhi,LUNCH,8,216,salon
4585,ffnfcxktjr,LUNCH,4,260,salon
4598,qeckoytvlt,LUNCH,1,214,salon
4600,vacvuzpmht,LUNCH,6,451,salon
4602,aggndpawhl,LUNCH,3,437,salon
4603,ywetyieufa,LUNCH,1,359,salon
4604,ungjpbbqzp,LUNCH,1,201,salon
4607,hmxqehnvso,LUNCH,9,384,salon
4609,arvfcqkoik,LUNCH,6,233,salon
4610,pijcicswcl,LUNCH,9,481,salon
4610,topbzdimzz,LUNCH,7,455,salon
4615,kvwjvgthqk,LUNCH,8,530,salon
4616,lybedcdwmf,LUNCH,7,510,salon
4619,jtkxuqxglb,LUNCH,2,366,salon
4623,pkkjftvhoh,LUNCH,3,209,salon
4627,gjelyeuiak,LUNCH,5,531,salon
4633,kerfawqumo,LUNCH,1,534,salon
4638,dhebftebnp,LUNCH,7,483,salon
4638,saecysryrz,LUNCH,2,401,salon
4646,facfksvgbf,LUNCH,8,527,salon
4650,brmrnxrdlf,LUNCH,5,439,salon
4652,oanzpqtvub,LUNCH,3,342,salon
4653,twhhhncebm,LUNCH,3,399,salon
4654,xbgidbvnqk,LUNCH,6,525,salon
4661,ldolldmctq,LUNCH,1,254,salon
4676,rmcalmdkts,LUNCH,7,283,salon
4685,euacargyfx,LUNCH,3,258,salon
4694,vgrarzrueu,LUNCH,5,497,salon
4696,fijkyrknln,LUNCH,3,423,salon
4697,ekgectjeey,LUNCH,3,317,salon
4699,vvwdwsbhea,MEETING,28,253,upc/campusnord/d69
4699,oxmsleuqak,LUNCH,10,480,salon
4701,rnbpsmmxji,LUNCH,5,206,salon
4706,qvczzmpoea,LUNCH,2,362,salon
4709,agowsaivpx,LUNCH,3,203,salon
4709,fqucuampby,MEETING,11,218,upc/campusnord/d61
4709,djohbywctl,LUNCH,10,454,salon
4716,edhemzezre,LUNCH,8,192,salon
4720,aqmryidxfw,MEETING,16,178,upc/campusnord/d64
4721,sjcyvwmlns,MEETING,9,382,upc/campusnord/d64
4722,jwgzdwhqas,MOVE,15,95,upc/campusnord/d60
4722,qyhngexpze,LUNCH,4,453,salon
4727,ykydwcoysb,MOVE,7,606,upc/campusnord/d63
4728,kzlimnmxim,MOVE,3,146,upc/campusnord/d63
4734,ekujwlxgus,MOVE,28,152,upc/campusnord/d60
4741,tkricoxsji,LUNCH,5,436,salon
4742,fwlzzuupyr,LUNCH,8,368,salon
4744,nueieqnnwb,LUNCH,5,273,salon
4746,mvpmqxyzyi,LUNCH,1,283,salon
4749,lefllgtjun,LUNCH,4,408,salon
4751,gxzdpiqbje,MEETING,21,236,upc/campusnord/d61
4754,wzcbankjph,MEETING,1,236,upc/campusnord/d68
4755,wkgwspjcuj,LUNCH,6,232,salon
4756,qtvvdqzxsy,LUNCH,8,364,salon
4761,izgnaaayww,MEETING,15,285,upc/campusnord/d69
4764,ivbxrqywtk,MEETING,8,548,upc/campusnord/d64
4778,rwttpqbxci,MEETING,11,458,upc/campusnord/d61
4781,bmtauqzwfi,MEETING,30,521,upc/campusnord/d68
4784,cxaobgahdf,LUNCH,6,335,salon
4790,uqqlaqlqwe,MOVE,9,483,upc/campusnord/d60
4791,evxgyjqetj,MEETING,13,514,upc/campusnord/d64
4791,luxuilefvv,MEETING,7,186,upc/campusnord/d64
4792,ykcpznanjx,LUNCH,5,496,salon
4792,xfrvkkugds,MOVE,13,194,upc/campusnord/d60
4795,jguehdhael,LUNCH,1,210,salon
4796,azlxsfqmlv,LUNCH,3,282,salon
4797,bpxdgcabrl,LUNCH,1,411,salon
4798,akhxgzoorc,MEETING,12,77,upc/campusnord/d61
4799,drjrnxuuvb,MEETING,29,709,upc/campusnord/d64
4804,ygfrjfcguq,MEETING,1,323,upc/campusnord/d61
4806,pggffevzcb,MEETING,28,160,upc/campusnord/d64
4806,sxbfjkxwxp,LUNCH,10,508,salon
4811,fdttxuqcux,MEETING,11,381,upc/campusnord/d64
4813,uiervletvl,MOVE,15,364,upc/campusnord/d63
4813,vuirnofess,MOVE,15,674,upc/campusnord/d63
4814,qdoxhxqrca,MEETING,30,154,upc/campusnord/d68
4815,dvlflxibks,LUNCH,5,416,salon
4820,cqgppzatjx,LUNCH,10,268,salon
4821,kapauhbvkj,MEETING,16,674,upc/campusnord/d61
4823,komzujqxzj,MEETING,3,433,upc/campusnord/d68
4825,pgmwighous,LUNCH,5,366,salon
4829,vsuarknsik,LUNCH,4,341,salon
4837,pkkjftvhoh,MOVE,1,416,upc/campusnord/d60
4838,lqdcxkhzsq,LUNCH,3,289,salon
4839,ptfvjjypey,MEETING,19,265,upc/campusnord/d61
4846,vdshorhwuv,MOVE,24,422,upc/campusnord/d60
4850,jzfacdiabk,LUNCH,8,288,salon
4850,noihbbopho,LUNCH,8,199,salon
4851,ffnfcxktjr,MEETING,11,152,upc/campusnord/d64
4854,nyhpelqhsz,LUNCH,8,232,salon
4858,sfdzycrgqz,LUNCH,9,377,salon
4865,kzieeiquqv,MOVE,14,680,upc/campusnord/d63
4865,zdzsbukxdh,LUNCH,1,480,salon
4865,hegvgkugyt,MOVE,19,448,upc/campusnord/d63
4866,qrlubpelze,MOVE,15,461,upc/campusnord/d63
4866,szbhbkkklq,MOVE,25,619,upc/campusnord/d63
4868,iqbkevjigz,MEETING,29,154,upc/campusnord/d64
4875,ixesuuketu,LUNCH,9,300,salon
4881,jnihrhmdel,MOVE,17,363,upc/campusnord/d60
4884,pkubmwvpzw,LUNCH,3,351,salon
4894,kirgchstnw,LUNCH,7,306,salon
4905,ruzxtxamrr,MOVE,24,185,upc/campusnord/d60
4906,pdnxvyuedd,MEETING,9,607,upc/campusnord/d68
4912,hmgzrouass,MEETING,24,292,upc/campusnord/d61
4912,owzitgvmso,MOVE,7,97,upc/campusnord/d63
4914,rnbpsmmxji,MEETING,21,295,upc/campusnord/d69
4914,fnpeqzzynt,MEETING,24,543,upc/campusnord/d69
4917,agowsaivpx,MEETING,16,506,upc/campusnord/d68
4918,ldolldmctq,MOVE,3,607,upc/campusnord/d63
4918,edhemzezre,MEETING,15,96,upc/campusnord/d69
4919,qwvmleatod,MEETING,21,144,upc/campusnord/d64
4923,wucjcvlzhf,MOVE,7,501,upc/campusnord/d63
4926,plcjqszdaa,MOVE,10,534,upc/campusnord/d60
4928,ssijlzkvad,MOVE,21,320,upc/campusnord/d63
4929,tiepjxxvrm,MOVE,9,70,upc/campusnord/d63
4940,arvogreckm,MOVE,25,535,upc/campusnord/d63
4944,ymxbsvybll,MOVE,9,127,upc/campusnord/d63
4948,euacargyfx,MEETING,10,501,upc/campusnord/d68
4949,drhkemknsx,MEETING,26,171,upc/campusnord/d68
4949,cqsbsfxtsq,MOVE,8,648,upc/campusnord/d63
4949,dzfoxxgtsg,MOVE,12,645,upc/campusnord/d63
4950,lambtggfvk,MEETING,22,148,upc/campusnord/d64
4952,okzqolokyz,LUNCH,7,390,salon
4952,vcrhsgsret,MEETING,23,233,upc/campusnord/d68
4956,pwoeexwlqb,MOVE,6,606,upc/campusnord/d60
4960,krdoxfefqk,MEETING,8,280,upc/campusnord/d69
4965,ywetyieufa,MEETING,20,321,upc/campusnord/d64
4967,dlypygokkg,MOVE,8,274,upc/campusnord/d63
4968,rmcalmdkts,MOVE,29,128,upc/campusnord/d60
4974,yffwesshnb,MOVE,12,177,upc/campusnord/d60
4978,nptkflsqut,MEETING,26,215,upc/campusnord/d68
4990,qidspbxcty,MOVE,2,593,upc/campusnord/d60
4994,fudcktltwu,MOVE,2,645,upc/campusnord/d63
4995,wkgwspjcuj,MOVE,6,125,upc/campusnord/d60
4999,oanzpqtvub,MOVE,28,91,upc/campusnord/d60
5005,aqribdhlzm,MEETING,19,321,upc/campusnord/d61
5008,fujjryxodl,MOVE,17,352,upc/campusnord/d60
5008,jguehdhael,MEETING,19,433,upc/campusnord/d68
5009,evvgkxdxwi,MEETING,10,555,upc/campusnord/d68
5021,vgiejhikoz,MOVE,12,91,upc/campusnord/d60
5024,nueieqnnwb,MEETING,3,263,upc/campusnord/d64
5031,fgfdnsqitp,MEETING,25,423,upc/campusnord/d61
5032,mvpmqxyzyi,MOVE,21,110,upc/campusnord/d63
5040,aqmryidxfw,MEETING,14,308,upc/campusnord/d61
5040,joqqobqets,MOVE,18,559,upc/campusnord/d60
5040,edhemzezre,MEETING,19,198,upc/campusnord/d68
5040,owzitgvmso,MOVE,7,477,upc/campusnord/d60
5040,ekgectjeey,MEETING,13,510,upc/campusnord/d67
5040,tifqvdztdo,MEETING,6,514,upc/campusnord/d66
5041,kzlimnmxim,EXIT,1,19,outside
5041,fqucuampby,MOVE,24,283,upc/campusnord/d62
5041,mekosyaamn,EXIT,1,9,outside
5042,vvwdwsbhea,MEETING,29,269,upc/campusnord/d61
5042,akhxgzoorc,MEETING,16,421,upc/campusnord/d64
5042,xfrvkkugds,MEETING,3,366,upc/campusnord/d69
5042,ytllppiihb,EXIT,1,13,outside
5043,saecysryrz,MEETING,19,508,upc/campusnord/d61
5043,ffnfcxktjr,MEETING,7,289,upc/campusnord/d61
5044,aggndpawhl,MEETING,8,263,upc/campusnord/d69
5044,jtkxuqxglb,EXIT,1,5,outside
5047,ekujwlxgus,MEETING,28,665,upc/campusnord/d69
5047,qdoxhxqrca,MEETING,23,188,upc/campusnord/d69
5047,cbuasjxyao,MOVE,4,193,upc/campusnord/d67
5048,pggffevzcb,EXIT,1,15,outside
5050,vlajuoiwxe,MOVE,29,527,upc/campusnord/d67
5050,dghyenaetf,EXIT,1,7,outside
5050,rpmdkuihjb,MOVE,11,106,upc/campusnord/d67
5051,bbsiuoxvhi,EXIT,1,2,outside
5051,bpyofkhsep,MOVE,29,173,upc/campusnord/d66
5052,ohizunmrtz,MOVE,9,328,upc/campusnord/d60
5052,arvfcqkoik,MOVE,29,163,upc/campusnord/d62
5054,gxzdpiqbje,EXIT,1,19,outside
5056,tiepjxxvrm,MEETING,9,112,upc/campusnord/d64
5056,qeckoytvlt,EXIT,1,4,outside
5057,jwgzdwhqas,EXIT,1,11,outside
5058,wzcbankjph,EXIT,1,12,outside
5059,noihbbopho,MOVE,21,629,upc/campusnord/d60
5059,vacvuzpmht,MOVE,22,450,upc/campusnord/d60
5059,twhhhncebm,EXIT,1,9,outside
5059,ungjpbbqzp,MOVE,13,452,upc/campusnord/d62
5059,xligjayafe,MOVE,5,431,upc/campusnord/d62
5059,txbkzlqbsi,EXIT,1,17,outside
5065,hmxqehnvso,MOVE,29,714,upc/campusnord/d67
5067,gawesymtts,MEETING,21,103,upc/campusnord/d64
5069,oxbwuoyadb,EXIT,1,1,outside
5070,iqbkevjigz,EXIT,1,9,outside
5070,gwcvjwvoge,MEETING,9,683,upc/campusnord/d62
5071,rqkrirgzqn,MEETING,11,570,upc/campusnord/d69
5071,zklziollei,EXIT,1,17,outside
5071,wdbryugevs,EXIT,1,2,outside
5072,qvczzmpoea,MEETING,28,346,upc/campusnord/d64
5074,topbzdimzz,MOVE,29,424,upc/campusnord/d60
5078,luxuilefvv,MOVE,16,682,upc/campusnord/d63
5083,azlxsfqmlv,MOVE,24,466,upc/campusnord/d60
5083,ptkvlagvmv,MEETING,24,62,upc/campusnord/d68
5083,wigvowryzn,MOVE,30,571,upc/campusnord/d67
5093,izgnaaayww,MEETING,13,437,upc/campusnord/d68
5096,brmrnxrdlf,MEETING,28,719,upc/campusnord/d68
5096,nyhpelqhsz,MOVE,18,599,upc/campusnord/d60
5098,jjvrmsepng,MEETING,20,658,upc/campusnord/d61
5099,ymxbsvybll,EXIT,1,17,outside
5100,cqgppzatjx,MOVE,30,125,upc/campusnord/d60
5102,pijcicswcl,MEETING,15,232,upc/campusnord/d61
5114,qwvmleatod,EXIT,1,6,outside
5117,ruzxtxamrr,EXIT,1,1,outside
5120,fwlzzuupyr,MEETING,26,553,upc/campusnord/d61
5123,lambtggfvk,EXIT,1,6,outside
5130,qtvvdqzxsy,MOVE,3,487,upc/campusnord/d60
5130,dhebftebnp,MEETING,24,124,upc/campusnord/d64
5130,ygfrjfcguq,EXIT,1,5,outside
5131,fijkyrknln,MOVE,27,104,upc/campusnord/d62
5133,lqdcxkhzsq,MEETING,9,236,upc/campusnord/d66
5134,rmcalmdkts,EXIT,1,3,outside
5134,oanzpqtvub,MEETING,27,381,upc/campusnord/d64
5135,lybedcdwmf,MEETING,11,410,upc/campusnord/d61
5135,vgiejhikoz,MOVE,5,238,upc/campusnord/d63
5138,cxaobgahdf,MEETING,28,417,upc/campusnord/d66
5140,ptfvjjypey,EXIT,1,10,outside
5148,jzfacdiabk,MEETING,22,139,upc/campusnord/d68
5155,wkgwspjcuj,EXIT,1,17,outside
5155,kvwjvgthqk,MEETING,3,267,upc/campusnord/d64
5159,sjcyvwmlns,MOVE,11,410,upc/campusnord/d67
5163,lefllgtjun,MEETING,21,158,upc/campusnord/d69
5165,mvpmqxyzyi,MOVE,5,447,upc/campusnord/d60
5165,gjelyeuiak,MEETING,3,540,upc/campusnord/d61
5166,drhkemknsx,MOVE,17,193,upc/campusnord/d60
5170,kerfawqumo,MOVE,23,278,upc/campusnord/d60
5172,ptkvlagvmv,EXIT,1,5,outside
5175,yffwesshnb,MEETING,23,578,upc/campusnord/d68
5176,vsuarknsik,MOVE,21,484,upc/campusnord/d63
5176,rpmdkuihjb,EXIT,1,5,outside
5178,djohbywctl,EXIT,1,20,outside
5181,qyhngexpze,MOVE,9,620,upc/campusnord/d63
5183,facfksvgbf,MEETING,6,593,upc/campusnord/d64
5184,tkricoxsji,MOVE,8,289,upc/campusnord/d63
5186,ixesuuketu,MOVE,21,415,upc/campusnord/d60
5187,xbgidbvnqk,MEETING,5,614,upc/campusnord/d64
5190,tiepjxxvrm,EXIT,1,12,outside
5191,oxmsleuqak,MOVE,28,538,upc/campusnord/d60
5194,uiervletvl,MOVE,30,676,upc/campusnord/d60
5198,vgrarzrueu,MOVE,17,485,upc/campusnord/d63
5198,pgmwighous,MEETING,1,625,upc/campusnord/d64
5200,gawesymtts,MOVE,1,581,upc/campusnord/d66
5209,kirgchstnw,MOVE,9,336,upc/campusnord/d60
5213,fdttxuqcux,MOVE,30,380,upc/campusnord/d66
5218,bpxdgcabrl,EXIT,1,12,outside
5223,vcrhsgsret,EXIT,1,15,outside
5231,nptkflsqut,MOVE,7,440,upc/campusnord/d63
5237,rnbpsmmxji,MOVE,23,297,upc/campusnord/d63
5238,dvlflxibks,MEETING,26,166,upc/campusnord/d61
5240,pkubmwvpzw,MEETING,27,151,upc/campusnord/d64
5246,sfdzycrgqz,MEETING,20,67,upc/campusnord/d64
5246,cbuasjxyao,MOVE,27,537,upc/campusnord/d66
5248,hmgzrouass,EXIT,1,20,outside
5249,arvfcqkoik,MOVE,13,610,upc/campusnord/d67
5255,bpyofkhsep,MOVE,27,391,upc/campusnord/d62
5256,rwttpqbxci,EXIT,1,15,outside
5257,krdoxfefqk,MEETING,14,380,upc/campusnord/d64
5263,dlypygokkg,MOVE,8,306,upc/campusnord/d60
5263,qdoxhxqrca,EXIT,1,16,outside
5267,jnihrhmdel,EXIT,1,6,outside
5268,komzujqxzj,EXIT,1,4,outside
5271,cqgppzatjx,MEETING,9,214,upc/campusnord/d64
5272,edhemzezre,MOVE,6,339,upc/campusnord/d60
5279,pkkjftvhoh,MEETING,7,142,upc/campusnord/d69
5288,uqqlaqlqwe,EXIT,1,13,outside
5289,fijkyrknln,MOVE,12,290,upc/campusnord/d66
5294,ssijlzkvad,EXIT,1,2,outside
5295,ykcpznanjx,MOVE,17,342,upc/campusnord/d60
5299,nueieqnnwb,MOVE,30,110,upc/campusnord/d60
5299,vdshorhwuv,EXIT,1,18,outside
5301,dhebftebnp,MEETING,19,109,upc/campusnord/d68
5310,ywetyieufa,MOVE,16,150,upc/campusnord/d67
5314,jzfacdiabk,MOVE,9,472,upc/campusnord/d60
5320,aggndpawhl,MOVE,16,284,upc/campusnord/d66
5321,evxgyjqetj,EXIT,1,13,outside
5324,ivbxrqywtk,MOVE,4,564,upc/campusnord/d60
5326,sxbfjkxwxp,MEETING,17,136,upc/campusnord/d64
5336,bmtauqzwfi,MOVE,1,671,upc/campusnord/d67
5338,hegvgkugyt,EXIT,1,10,outside
5342,ykydwcoysb,MOVE,22,699,upc/campusnord/d60
5342,ffnfcxktjr,EXIT,1,9,outside
5344,sfdzycrgqz,MOVE,10,539,upc/campusnord/d63
5345,vvwdwsbhea,EXIT,1,15,outside
5346,lefllgtjun,EXIT,1,6,outside
5348,zdzsbukxdh,MOVE,9,304,upc/campusnord/d60
5349,qrlubpelze,MEETING,21,595,upc/campusnord/d61
5351,okzqolokyz,MEETING,23,91,upc/campusnord/d61
5352,pijcicswcl,EXIT,1,10,outside
5353,aqribdhlzm,EXIT,1,3,outside
5354,fqucuampby,EXIT,1,15,outside
5380,fujjryxodl,MOVE,8,425,upc/campusnord/d63
5380,vgiejhikoz,EXIT,1,3,outside
5383,aqmryidxfw,MOVE,18,611,upc/campusnord/d63
5383,lqdcxkhzsq,MEETING,13,312,upc/campusnord/d64
5391,drhkemknsx,EXIT,1,19,outside
5395,ohizunmrtz,MOVE,7,703,upc/campusnord/d63
5413,xfrvkkugds,MOVE,5,610,upc/campusnord/d63
5421,pkubmwvpzw,MOVE,12,62,upc/campusnord/d66
5428,kvwjvgthqk,EXIT,1,16,outside
5431,dhebftebnp,EXIT,1,15,outside
5432,dvlflxibks,EXIT,1,9,outside
5434,pkkjftvhoh,MOVE,10,636,upc/campusnord/d60
5436,wucjcvlzhf,EXIT,1,19,outside
5442,nueieqnnwb,EXIT,1,3,outside
5443,agowsaivpx,EXIT,1,4,outside
5450,qvczzmpoea,EXIT,1,7,outside
5466,jguehdhael,MEETING,11,70,upc/campusnord/d64
5467,okzqolokyz,MOVE,29,642,upc/campusnord/d63
5467,euacargyfx,MEETING,8,235,upc/campusnord/d69
5473,plcjqszdaa,EXIT,1,5,outside
5476,kerfawqumo,MOVE,27,590,upc/campusnord/d63
5478,ywetyieufa,MEETING,23,67,upc/campusnord/d68
5481,fgfdnsqitp,MOVE,10,358,upc/campusnord/d63
5483,akhxgzoorc,EXIT,1,18,outside
5484,sxbfjkxwxp,MOVE,16,397,upc/campusnord/d63
5484,fnpeqzzynt,MEETING,20,240,upc/campusnord/d64
5485,tkricoxsji,MOVE,30,242,upc/campusnord/d60
5496,cqgppzatjx,MEETING,27,485,upc/campusnord/d61
5497,xligjayafe,MOVE,19,471,upc/campusnord/d66
5499,pkubmwvpzw,EXIT,1,14,outside
5506,vuirnofess,MEETING,8,199,upc/campusnord/d69
5506,arvogreckm,MOVE,21,313,upc/campusnord/d60
5517,szbhbkkklq,MEETING,2,79,upc/campusnord/d64
5524,kapauhbvkj,EXIT,1,1,outside
5526,pdnxvyuedd,MOVE,14,435,upc/campusnord/d62
5527,ungjpbbqzp,MEETING,22,472,upc/campusnord/d69
5528,owzitgvmso,MOVE,16,82,upc/campusnord/d63
5529,topbzdimzz,MOVE,2,491,upc/campusnord/d63
5530,ldolldmctq,EXIT,1,1,outside
5538,vacvuzpmht,MOVE,12,517,upc/campusnord/d63
5540,drjrnxuuvb,MOVE,13,443,upc/campusnord/d62
5545,oanzpqtvub,EXIT,1,2,outside
5545,izgnaaayww,MEETING,3,567,upc/campusnord/d61
5550,jguehdhael,EXIT,1,17,outside
5556,kirgchstnw,MOVE,29,433,upc/campusnord/d63
5560,lybedcdwmf,EXIT,1,19,outside
5562,rnbpsmmxji,EXIT,1,11,outside
5565,kzieeiquqv,MOVE,9,473,upc/campusnord/d60
5566,tifqvdztdo,EXIT,1,11,outside
5567,ekgectjeey,MEETING,16,521,upc/campusnord/d69
5572,saecysryrz,MEETING,24,469,upc/campusnord/d69
5572,ywetyieufa,MOVE,11,168,upc/campusnord/d66
5576,pwoeexwlqb,MOVE,25,364,upc/campusnord/d63
5576,evvgkxdxwi,MOVE,22,512,upc/campusnord/d63
5577,azlxsfqmlv,MOVE,14,633,upc/campusnord/d63
5579,dlypygokkg,MOVE,1,259,upc/campusnord/d63
5585,sjcyvwmlns,EXIT,1,10,outside
5586,cxaobgahdf,EXIT,1,18,outside
5590,qidspbxcty,MOVE,30,75,upc/campusnord/d63
5594,fijkyrknln,EXIT,1,18,outside
5601,szbhbkkklq,EXIT,1,17,outside
5608,dzfoxxgtsg,MOVE,1,350,upc/campusnord/d60
5609,vlajuoiwxe,MEETING,17,573,upc/campusnord/d61
5610,cqsbsfxtsq,MEETING,19,469,upc/campusnord/d64
5619,joqqobqets,MOVE,20,629,upc/campusnord/d63
5622,mvpmqxyzyi,EXIT,1,20,outside
5622,edhemzezre,MOVE,29,323,upc/campusnord/d63
5623,qtvvdqzxsy,MOVE,10,667,upc/campusnord/d63
5624,ixesuuketu,EXIT,1,3,outside
5627,fdttxuqcux,EXIT,1,13,outside
5631,aggndpawhl,MEETING,4,426,upc/campusnord/d61
5634,owzitgvmso,MEETING,7,277,upc/campusnord/d61
5643,fudcktltwu,EXIT,1,6,outside
5654,rqkrirgzqn,MEETING,28,668,upc/campusnord/d64
5656,krdoxfefqk,MOVE,13,625,upc/campusnord/d62
5658,ykcpznanjx,MEETING,25,325,upc/campusnord/d61
5670,zdzsbukxdh,MEETING,10,483,upc/campusnord/d61
5677,bpyofkhsep,MOVE,30,118,upc/campusnord/d67
5680,nptkflsqut,MOVE,4,330,upc/campusnord/d60
5683,vsuarknsik,EXIT,1,6,outside
5689,wigvowryzn,MOVE,23,664,upc/campusnord/d62
5701,qidspbxcty,MOVE,18,496,upc/campusnord/d60
5702,vgrarzrueu,EXIT,1,5,outside
5703,fwlzzuupyr,MOVE,25,537,upc/campusnord/d60
5711,noihbbopho,MEETING,9,562,upc/campusnord/d61
5713,gjelyeuiak,EXIT,1,20,outside
5714,lqdcxkhzsq,MOVE,1,657,upc/campusnord/d62
5715,nyhpelqhsz,EXIT,1,7,outside
5716,euacargyfx,EXIT,1,12,outside
5717,vuirnofess,EXIT,1,11,outside
5743,ekujwlxgus,MEETING,23,219,upc/campusnord/d64
5748,fnpeqzzynt,MEETING,10,518,upc/campusnord/d61
5755,ywetyieufa,MOVE,27,204,upc/campusnord/d67
5759,oxmsleuqak,EXIT,1,19,outside
5764,gwcvjwvoge,MOVE,23,229,upc/campusnord/d67
5765,tkricoxsji,EXIT,1,19,outside
5781,jjvrmsepng,MEETING,26,85,upc/campusnord/d69
5783,yffwesshnb,MOVE,26,122,upc/campusnord/d60
5784,luxuilefvv,EXIT,1,8,outside
5786,facfksvgbf,MOVE,22,78,upc/campusnord/d67
5789,gawesymtts,MOVE,5,713,upc/campusnord/d62
5797,jzfacdiabk,MEETING,30,372,upc/campusnord/d61
5808,xbgidbvnqk,EXIT,1,20,outside
5810,hmxqehnvso,EXIT,1,10,outside
5816,qyhngexpze,EXIT,1,6,outside
5818,fujjryxodl,EXIT,1,3,outside
5821,cbuasjxyao,MOVE,23,329,upc/campusnord/d67
5826,pgmwighous,EXIT,1,16,outside
5829,bpyofkhsep,MEETING,4,666,upc/campusnord/d68
5842,dlypygokkg,MOVE,25,694,upc/campusnord/d60
5842,arvogreckm,EXIT,1,14,outside
5849,brmrnxrdlf,MEETING,11,421,upc/campusnord/d69
5854,fgfdnsqitp,EXIT,1,1,outside
5879,arvfcqkoik,EXIT,1,18,outside
5889,facfksvgbf,EXIT,1,20,outside
5894,ivbxrqywtk,EXIT,1,20,outside
5896,sfdzycrgqz,EXIT,1,5,outside
5896,jjvrmsepng,EXIT,1,20,outside
5904,sxbfjkxwxp,MEETING,3,219,upc/campusnord/d64
5905,uiervletvl,EXIT,1,19,outside
5931,owzitgvmso,MEETING,17,389,upc/campusnord/d64
5933,yffwesshnb,MOVE,27,227,upc/campusnord/d63
5963,dzfoxxgtsg,MOVE,7,333,upc/campusnord/d63
5968,qrlubpelze,EXIT,1,17,outside
5977,pdnxvyuedd,EXIT,1,19,outside
5981,pwoeexwlqb,MEETING,27,575,upc/campusnord/d69
5988,edhemzezre,EXIT,1,4,outside
5988,ywetyieufa,EXIT,1,9,outside
5989,xligjayafe,EXIT,1,13,outside
5992,ekujwlxgus,EXIT,1,8,outside
6007,drjrnxuuvb,EXIT,1,7,outside
6010,ykcpznanjx,EXIT,1,19,outside
6014,aqmryidxfw,EXIT,1,19,outside
6020,cqgppzatjx,EXIT,1,15,outside
6023,nptkflsqut,EXIT,1,14,outside
6024,kirgchstnw,EXIT,1,9,outside
6024,gwcvjwvoge,EXIT,1,15,outside
6026,topbzdimzz,EXIT,1,13,outside
6034,ungjpbbqzp,EXIT,1,6,outside
6035,xfrvkkugds,MOVE,27,221,upc/campusnord/d60
6038,bmtauqzwfi,MOVE,20,635,upc/campusnord/d66
6049,kzieeiquqv,EXIT,1,12,outside
6064,aggndpawhl,EXIT,1,16,outside
6066,ykydwcoysb,EXIT,1,9,outside
6069,saecysryrz,EXIT,1,6,outside
6072,vacvuzpmht,EXIT,1,16,outside
6082,pkkjftvhoh,EXIT,1,13,outside
6096,kerfawqumo,EXIT,1,9,outside
6100,cqsbsfxtsq,EXIT,1,4,outside
6107,ekgectjeey,EXIT,1,5,outside
6110,ohizunmrtz,EXIT,1,8,outside
6112,evvgkxdxwi,EXIT,1,18,outside
6121,izgnaaayww,MOVE,14,424,upc/campusnord/d67
6141,okzqolokyz,MEETING,17,264,upc/campusnord/d68
6141,sxbfjkxwxp,EXIT,1,16,outside
6168,zdzsbukxdh,MOVE,9,389,upc/campusnord/d60
6176,cbuasjxyao,EXIT,1,5,outside
6195,yffwesshnb,MEETING,6,705,upc/campusnord/d61
6201,vlajuoiwxe,EXIT,1,11,outside
6206,jzfacdiabk,MEETING,18,638,upc/campusnord/d68
6223,qidspbxcty,EXIT,1,15,outside
6231,azlxsfqmlv,EXIT,1,8,outside
6270,fwlzzuupyr,EXIT,1,11,outside
6278,joqqobqets,EXIT,1,2,outside
6285,noihbbopho,EXIT,1,5,outside
6285,xfrvkkugds,EXIT,1,18,outside
6294,fnpeqzzynt,MOVE,27,218,upc/campusnord/d67
6297,krdoxfefqk,EXIT,1,9,outside
6301,brmrnxrdlf,MOVE,16,125,upc/campusnord/d60
6305,qtvvdqzxsy,EXIT,1,18,outside
6311,dzfoxxgtsg,EXIT,1,10,outside
6341,owzitgvmso,EXIT,1,3,outside
6364,rqkrirgzqn,MEETING,14,457,upc/campusnord/d69
6389,wigvowryzn,EXIT,1,11,outside
6395,lqdcxkhzsq,EXIT,1,17,outside
6442,okzqolokyz,EXIT,1,18,outside
6446,brmrnxrdlf,EXIT,1,16,outside
6501,bpyofkhsep,MEETING,1,292,upc/campusnord/d61
6526,gawesymtts,MEETING,19,376,upc/campusnord/d64
6579,dlypygokkg,MOVE,1,189,upc/campusnord/d63
6581,fnpeqzzynt,MOVE,1,341,upc/campusnord/d66
6588,pwoeexwlqb,MOVE,9,146,upc/campusnord/d60
6596,zdzsbukxdh,MOVE,21,467,upc/campusnord/d63
6610,izgnaaayww,MOVE,1,570,upc/campusnord/d62
6696,bmtauqzwfi,MOVE,11,395,upc/campusnord/d62
6769,pwoeexwlqb,MOVE,21,178,upc/campusnord/d63
6776,dlypygokkg,EXIT,1,13,outside
6810,bpyofkhsep,MOVE,20,336,upc/campusnord/d66
6837,rqkrirgzqn,EXIT,1,4,outside
6866,jzfacdiabk,MEETING,19,499,upc/campusnord/d69
6914,yffwesshnb,MOVE,5,464,upc/campusnord/d63
6925,gawesymtts,MOVE,25,117,upc/campusnord/d66
6937,fnpeqzzynt,EXIT,1,14,outside
6973,pwoeexwlqb,EXIT,1,14,outside
7078,gawesymtts,MOVE,3,511,upc/campusnord/d62
7088,zdzsbukxdh,MOVE,4,228,upc/campusnord/d60
7106,bmtauqzwfi,MEETING,12,685,upc/campusnord/d68
7175,bpyofkhsep,MEETING,11,579,upc/campusnord/d69
7186,izgnaaayww,EXIT,1,1,outside
7324,zdzsbukxdh,EXIT,1,11,outside
